{
    "FunctionName": "SpliceColumnFunction",
    "FunctionArn": "arn:aws:lambda:us-east-1:601333025120:function:SpliceColumnFunction",
    "Runtime": "python3.8",
    "Role": "arn:aws:iam::601333025120:role/lambda-s3-access-role",
    "Handler": "spliceColumns.lambda_handler",
    "CodeSize": 1495,
    "Description": "",
    "Timeout": 120,
    "MemorySize": 2000,
    "LastModified": "2021-10-16T02:08:26.560+0000",
    "CodeSha256": "CK7U2Vxd5lGjHA+mGJaA+usqmineU1OQlpK1CSgJkFY=",
    "Version": "$LATEST",
    "TracingConfig": {
        "Mode": "PassThrough"
    },
    "RevisionId": "c8b6c575-d399-4ba1-8a3e-469f15fa977e",
    "State": "Active",
    "LastUpdateStatus": "Successful",
    "PackageType": "Zip"
}
